INFO:sim:172 - Generating IP...
Resolving generics for 'rom9'...
Applying external generics to 'rom9'...
Delivering associated files for 'rom9'...
WARNING:sim - Can't find 'Verilog' synthesis view; using general synthesis view
Delivering EJava files for 'rom9'...
Generating implementation netlist for 'rom9'...
INFO:sim - Pre-processing HDL files for 'rom9'...
Running synthesis for 'rom9'
Running ngcbuild...
Writing VEO instantiation template for 'rom9'...
Writing Verilog behavioral simulation model for 'rom9'...
Generating ASY schematic symbol...
INFO:sim:949 - Finished generation of ASY schematic symbol.
Generating SYM schematic symbol for 'rom9'...
Generating metadata file...
Generating ISE project...
XCO file found: rom9.xco
XMDF file found: rom9_xmdf.tcl
Adding E:/shushe/week6/lcd7/ipcore_dir/tmp/_cg/dist_mem_gen_v6_3_readme.txt
-view all -origin_type imported
Adding E:/shushe/week6/lcd7/ipcore_dir/tmp/_cg/rom9.asy -view all -origin_type
imported
Adding E:/shushe/week6/lcd7/ipcore_dir/tmp/_cg/rom9.ngc -view all -origin_type
created
Checking file "E:/shushe/week6/lcd7/ipcore_dir/tmp/_cg/rom9.ngc" for project
device match ...
File "E:/shushe/week6/lcd7/ipcore_dir/tmp/_cg/rom9.ngc" device information
matches project device.
Adding E:/shushe/week6/lcd7/ipcore_dir/tmp/_cg/rom9.sym -view all -origin_type
imported
Adding E:/shushe/week6/lcd7/ipcore_dir/tmp/_cg/rom9.v -view all -origin_type
created
INFO:HDLCompiler:1845 - Analyzing Verilog file
   "E:/shushe/week6/lcd7/ipcore_dir/tmp/_cg/rom9.v" into library work
INFO:ProjectMgmt - Parsing design hierarchy completed successfully.
Adding E:/shushe/week6/lcd7/ipcore_dir/tmp/_cg/rom9.veo -view all -origin_type
imported
INFO:TclTasksC:2116 - The automatic calculation of top has been turned-off.
   Please set the new top explicitly by running the "project set top" command.
   To re-calculate the new top automatically, set the "Auto Implementation Top"
   property to true.
Top level has been set to "/rom9"
Generating README file...
Generating FLIST file...
INFO:sim:948 - Finished FLIST file generation.
Launching README viewer...
Moving files to output directory...
Finished moving files to output directory
Wrote CGP file for project 'rom9'.
